<?xml version="1.0" encoding="UTF-8"?>
<testsuite name="ru.atom.dao.MessageDaoTest" tests="2" skipped="2" failures="0" errors="0" timestamp="2019-05-17T16:39:32" hostname="LAPTOP-QSDPNM1T" time="0.0">
  <properties/>
  <testcase name="getAllTest" classname="ru.atom.dao.MessageDaoTest" time="0.0">
    <skipped/>
  </testcase>
  <testcase name="insertTest" classname="ru.atom.dao.MessageDaoTest" time="0.0">
    <skipped/>
  </testcase>
  <system-out><![CDATA[]]></system-out>
  <system-err><![CDATA[]]></system-err>
</testsuite>
